D:\USER DOCUMENTS\DOCUMENTS\VISUAL STUDIO 2012\PROJECTS\CTOCPP_GRAPH_HW_LEC_4\CTOCPP_GRAPH_HW_LEC_4\DEBUG\CTOCPP_GRAPH_HW_LEC_4.OBJ
D:\USER DOCUMENTS\DOCUMENTS\VISUAL STUDIO 2012\PROJECTS\CTOCPP_GRAPH_HW_LEC_4\CTOCPP_GRAPH_HW_LEC_4\DEBUG\STDAFX.OBJ
D:\USER DOCUMENTS\DOCUMENTS\VISUAL STUDIO 2012\PROJECTS\CTOCPP_GRAPH_HW_LEC_4\CTOCPP_GRAPH_HW_LEC_4\DEBUG\VC110.PDB
D:\USER DOCUMENTS\DOCUMENTS\VISUAL STUDIO 2012\PROJECTS\CTOCPP_GRAPH_HW_LEC_4\CTOCPP_GRAPH_HW_LEC_4\DEBUG\DIJKSTRA_SHORTEST_PATH.OBJ
D:\USER DOCUMENTS\DOCUMENTS\VISUAL STUDIO 2012\PROJECTS\CTOCPP_GRAPH_HW_LEC_4\CTOCPP_GRAPH_HW_LEC_4\DEBUG\LIST.OBJ
D:\USER DOCUMENT\DOCUMENT\VISUAL STUDIO 2012\PROJECTS\CTOCPP_GRAPH_HW_LEC_4\CTOCPP_GRAPH_HW_LEC_4\DEBUG\DIJKSTRA_SHORTEST_PATH.OBJ
D:\USER DOCUMENT\DOCUMENT\VISUAL STUDIO 2012\PROJECTS\CTOCPP_GRAPH_HW_LEC_4\CTOCPP_GRAPH_HW_LEC_4\DEBUG\KRUSKAL_MST.OBJ
D:\USER DOCUMENT\DOCUMENT\VISUAL STUDIO 2012\PROJECTS\CTOCPP_GRAPH_HW_LEC_4\CTOCPP_GRAPH_HW_LEC_4\DEBUG\LIST.OBJ
D:\USER DOCUMENT\DOCUMENT\VISUAL STUDIO 2012\PROJECTS\CTOCPP_GRAPH_HW_LEC_4\CTOCPP_GRAPH_HW_LEC_4\DEBUG\STDAFX.OBJ
D:\USER DOCUMENT\DOCUMENT\VISUAL STUDIO 2012\PROJECTS\CTOCPP_GRAPH_HW_LEC_4\CTOCPP_GRAPH_HW_LEC_4\DEBUG\VC110.PDB
D:\USER DOCUMENTS\DOCUMENTS\VISUAL STUDIO 2012\PROJECTS\CTOCPP_GRAPH_HW_LEC_4\DEBUG\CTOCPP_GRAPH_HW_LEC_4.ILK
D:\USER DOCUMENTS\DOCUMENTS\VISUAL STUDIO 2012\PROJECTS\CTOCPP_GRAPH_HW_LEC_4\DEBUG\CTOCPP_GRAPH_HW_LEC_4.EXE
D:\USER DOCUMENTS\DOCUMENTS\VISUAL STUDIO 2012\PROJECTS\CTOCPP_GRAPH_HW_LEC_4\DEBUG\CTOCPP_GRAPH_HW_LEC_4.PDB
D:\User document\Document\Visual Studio 2012\Projects\CtoCPP_graph_hw_lec_4\CtoCPP_graph_hw_lec_4\Debug\Dijkstra_shortest_path.obj
D:\User document\Document\Visual Studio 2012\Projects\CtoCPP_graph_hw_lec_4\CtoCPP_graph_hw_lec_4\Debug\kruskal_MST.obj
D:\User document\Document\Visual Studio 2012\Projects\CtoCPP_graph_hw_lec_4\CtoCPP_graph_hw_lec_4\Debug\list.obj
D:\User document\Document\Visual Studio 2012\Projects\CtoCPP_graph_hw_lec_4\CtoCPP_graph_hw_lec_4\Debug\stdafx.obj
D:\User document\Document\Visual Studio 2012\Projects\CtoCPP_graph_hw_lec_4\CtoCPP_graph_hw_lec_4\Debug\cl.command.1.tlog
D:\User document\Document\Visual Studio 2012\Projects\CtoCPP_graph_hw_lec_4\CtoCPP_graph_hw_lec_4\Debug\CL.read.1.tlog
D:\User document\Document\Visual Studio 2012\Projects\CtoCPP_graph_hw_lec_4\CtoCPP_graph_hw_lec_4\Debug\CL.write.1.tlog
D:\User document\Document\Visual Studio 2012\Projects\CtoCPP_graph_hw_lec_4\CtoCPP_graph_hw_lec_4\Debug\link-cvtres.read.1.tlog
D:\User document\Document\Visual Studio 2012\Projects\CtoCPP_graph_hw_lec_4\CtoCPP_graph_hw_lec_4\Debug\link-cvtres.write.1.tlog
D:\User document\Document\Visual Studio 2012\Projects\CtoCPP_graph_hw_lec_4\CtoCPP_graph_hw_lec_4\Debug\link-rc.read.1.tlog
D:\User document\Document\Visual Studio 2012\Projects\CtoCPP_graph_hw_lec_4\CtoCPP_graph_hw_lec_4\Debug\link-rc.write.1.tlog
D:\User document\Document\Visual Studio 2012\Projects\CtoCPP_graph_hw_lec_4\CtoCPP_graph_hw_lec_4\Debug\link.13944-cvtres.read.1.tlog
D:\User document\Document\Visual Studio 2012\Projects\CtoCPP_graph_hw_lec_4\CtoCPP_graph_hw_lec_4\Debug\link.13944-cvtres.write.1.tlog
D:\User document\Document\Visual Studio 2012\Projects\CtoCPP_graph_hw_lec_4\CtoCPP_graph_hw_lec_4\Debug\link.13944-rc.read.1.tlog
D:\User document\Document\Visual Studio 2012\Projects\CtoCPP_graph_hw_lec_4\CtoCPP_graph_hw_lec_4\Debug\link.13944-rc.write.1.tlog
D:\User document\Document\Visual Studio 2012\Projects\CtoCPP_graph_hw_lec_4\CtoCPP_graph_hw_lec_4\Debug\link.13944.read.1.tlog
D:\User document\Document\Visual Studio 2012\Projects\CtoCPP_graph_hw_lec_4\CtoCPP_graph_hw_lec_4\Debug\link.13944.write.1.tlog
D:\User document\Document\Visual Studio 2012\Projects\CtoCPP_graph_hw_lec_4\CtoCPP_graph_hw_lec_4\Debug\link.14484-cvtres.read.1.tlog
D:\User document\Document\Visual Studio 2012\Projects\CtoCPP_graph_hw_lec_4\CtoCPP_graph_hw_lec_4\Debug\link.14484-cvtres.write.1.tlog
D:\User document\Document\Visual Studio 2012\Projects\CtoCPP_graph_hw_lec_4\CtoCPP_graph_hw_lec_4\Debug\link.14484-rc.read.1.tlog
D:\User document\Document\Visual Studio 2012\Projects\CtoCPP_graph_hw_lec_4\CtoCPP_graph_hw_lec_4\Debug\link.14484-rc.write.1.tlog
D:\User document\Document\Visual Studio 2012\Projects\CtoCPP_graph_hw_lec_4\CtoCPP_graph_hw_lec_4\Debug\link.14484.read.1.tlog
D:\User document\Document\Visual Studio 2012\Projects\CtoCPP_graph_hw_lec_4\CtoCPP_graph_hw_lec_4\Debug\link.14484.write.1.tlog
D:\User document\Document\Visual Studio 2012\Projects\CtoCPP_graph_hw_lec_4\CtoCPP_graph_hw_lec_4\Debug\link.18672-cvtres.read.1.tlog
D:\User document\Document\Visual Studio 2012\Projects\CtoCPP_graph_hw_lec_4\CtoCPP_graph_hw_lec_4\Debug\link.18672-cvtres.write.1.tlog
D:\User document\Document\Visual Studio 2012\Projects\CtoCPP_graph_hw_lec_4\CtoCPP_graph_hw_lec_4\Debug\link.18672-rc.read.1.tlog
D:\User document\Document\Visual Studio 2012\Projects\CtoCPP_graph_hw_lec_4\CtoCPP_graph_hw_lec_4\Debug\link.18672-rc.write.1.tlog
D:\User document\Document\Visual Studio 2012\Projects\CtoCPP_graph_hw_lec_4\CtoCPP_graph_hw_lec_4\Debug\link.18672.read.1.tlog
D:\User document\Document\Visual Studio 2012\Projects\CtoCPP_graph_hw_lec_4\CtoCPP_graph_hw_lec_4\Debug\link.18672.write.1.tlog
D:\User document\Document\Visual Studio 2012\Projects\CtoCPP_graph_hw_lec_4\CtoCPP_graph_hw_lec_4\Debug\link.18688-cvtres.read.1.tlog
D:\User document\Document\Visual Studio 2012\Projects\CtoCPP_graph_hw_lec_4\CtoCPP_graph_hw_lec_4\Debug\link.18688-cvtres.write.1.tlog
D:\User document\Document\Visual Studio 2012\Projects\CtoCPP_graph_hw_lec_4\CtoCPP_graph_hw_lec_4\Debug\link.18688-rc.read.1.tlog
D:\User document\Document\Visual Studio 2012\Projects\CtoCPP_graph_hw_lec_4\CtoCPP_graph_hw_lec_4\Debug\link.18688-rc.write.1.tlog
D:\User document\Document\Visual Studio 2012\Projects\CtoCPP_graph_hw_lec_4\CtoCPP_graph_hw_lec_4\Debug\link.18688.read.1.tlog
D:\User document\Document\Visual Studio 2012\Projects\CtoCPP_graph_hw_lec_4\CtoCPP_graph_hw_lec_4\Debug\link.18688.write.1.tlog
D:\User document\Document\Visual Studio 2012\Projects\CtoCPP_graph_hw_lec_4\CtoCPP_graph_hw_lec_4\Debug\link.23076-cvtres.read.1.tlog
D:\User document\Document\Visual Studio 2012\Projects\CtoCPP_graph_hw_lec_4\CtoCPP_graph_hw_lec_4\Debug\link.23076-cvtres.write.1.tlog
D:\User document\Document\Visual Studio 2012\Projects\CtoCPP_graph_hw_lec_4\CtoCPP_graph_hw_lec_4\Debug\link.23076-rc.read.1.tlog
D:\User document\Document\Visual Studio 2012\Projects\CtoCPP_graph_hw_lec_4\CtoCPP_graph_hw_lec_4\Debug\link.23076-rc.write.1.tlog
D:\User document\Document\Visual Studio 2012\Projects\CtoCPP_graph_hw_lec_4\CtoCPP_graph_hw_lec_4\Debug\link.23076.read.1.tlog
D:\User document\Document\Visual Studio 2012\Projects\CtoCPP_graph_hw_lec_4\CtoCPP_graph_hw_lec_4\Debug\link.23076.write.1.tlog
D:\User document\Document\Visual Studio 2012\Projects\CtoCPP_graph_hw_lec_4\CtoCPP_graph_hw_lec_4\Debug\link.27048-cvtres.read.1.tlog
D:\User document\Document\Visual Studio 2012\Projects\CtoCPP_graph_hw_lec_4\CtoCPP_graph_hw_lec_4\Debug\link.27048-cvtres.write.1.tlog
D:\User document\Document\Visual Studio 2012\Projects\CtoCPP_graph_hw_lec_4\CtoCPP_graph_hw_lec_4\Debug\link.27048-rc.read.1.tlog
D:\User document\Document\Visual Studio 2012\Projects\CtoCPP_graph_hw_lec_4\CtoCPP_graph_hw_lec_4\Debug\link.27048-rc.write.1.tlog
D:\User document\Document\Visual Studio 2012\Projects\CtoCPP_graph_hw_lec_4\CtoCPP_graph_hw_lec_4\Debug\link.27048.read.1.tlog
D:\User document\Document\Visual Studio 2012\Projects\CtoCPP_graph_hw_lec_4\CtoCPP_graph_hw_lec_4\Debug\link.27048.write.1.tlog
D:\User document\Document\Visual Studio 2012\Projects\CtoCPP_graph_hw_lec_4\CtoCPP_graph_hw_lec_4\Debug\link.27812-cvtres.read.1.tlog
D:\User document\Document\Visual Studio 2012\Projects\CtoCPP_graph_hw_lec_4\CtoCPP_graph_hw_lec_4\Debug\link.27812-cvtres.write.1.tlog
D:\User document\Document\Visual Studio 2012\Projects\CtoCPP_graph_hw_lec_4\CtoCPP_graph_hw_lec_4\Debug\link.27812-rc.read.1.tlog
D:\User document\Document\Visual Studio 2012\Projects\CtoCPP_graph_hw_lec_4\CtoCPP_graph_hw_lec_4\Debug\link.27812-rc.write.1.tlog
D:\User document\Document\Visual Studio 2012\Projects\CtoCPP_graph_hw_lec_4\CtoCPP_graph_hw_lec_4\Debug\link.27812.read.1.tlog
D:\User document\Document\Visual Studio 2012\Projects\CtoCPP_graph_hw_lec_4\CtoCPP_graph_hw_lec_4\Debug\link.27812.write.1.tlog
D:\User document\Document\Visual Studio 2012\Projects\CtoCPP_graph_hw_lec_4\CtoCPP_graph_hw_lec_4\Debug\link.29100-cvtres.read.1.tlog
D:\User document\Document\Visual Studio 2012\Projects\CtoCPP_graph_hw_lec_4\CtoCPP_graph_hw_lec_4\Debug\link.29100-cvtres.write.1.tlog
D:\User document\Document\Visual Studio 2012\Projects\CtoCPP_graph_hw_lec_4\CtoCPP_graph_hw_lec_4\Debug\link.29100-rc.read.1.tlog
D:\User document\Document\Visual Studio 2012\Projects\CtoCPP_graph_hw_lec_4\CtoCPP_graph_hw_lec_4\Debug\link.29100-rc.write.1.tlog
D:\User document\Document\Visual Studio 2012\Projects\CtoCPP_graph_hw_lec_4\CtoCPP_graph_hw_lec_4\Debug\link.29100.read.1.tlog
D:\User document\Document\Visual Studio 2012\Projects\CtoCPP_graph_hw_lec_4\CtoCPP_graph_hw_lec_4\Debug\link.29100.write.1.tlog
D:\User document\Document\Visual Studio 2012\Projects\CtoCPP_graph_hw_lec_4\CtoCPP_graph_hw_lec_4\Debug\link.command.1.tlog
D:\User document\Document\Visual Studio 2012\Projects\CtoCPP_graph_hw_lec_4\CtoCPP_graph_hw_lec_4\Debug\link.read.1.tlog
D:\User document\Document\Visual Studio 2012\Projects\CtoCPP_graph_hw_lec_4\CtoCPP_graph_hw_lec_4\Debug\link.write.1.tlog
D:\User document\Document\Visual Studio 2012\Projects\CtoCPP_graph_hw_lec_4\CtoCPP_graph_hw_lec_4\Debug\vc110.idb
D:\User document\Document\Visual Studio 2012\Projects\CtoCPP_graph_hw_lec_4\CtoCPP_graph_hw_lec_4\Debug\vc110.pdb
D:\User document\Document\Visual Studio 2012\Projects\CtoCPP_graph_hw_lec_4\Debug\CtoCPP_graph_hw_lec_4.pdb
D:\User document\Document\Visual Studio 2012\Projects\CtoCPP_graph_hw_lec_4\Debug\CtoCPP_graph_hw_lec_4.exe
D:\User document\Document\Visual Studio 2012\Projects\CtoCPP_graph_hw_lec_4\Debug\CtoCPP_graph_hw_lec_4.ilk
