D:\USER DOCUMENTS\DOCUMENTS\VISUAL STUDIO 2012\PROJECTS\CTOCPP_REVISIT_DIJKSTRA_HW_LEC_3\CTOCPP_REVISIT_DIJKSTRA_HW_LEC_3\DEBUG\CTOCPP_REVISIT_DIJKSTRA_HW_LEC_3.OBJ
D:\USER DOCUMENTS\DOCUMENTS\VISUAL STUDIO 2012\PROJECTS\CTOCPP_REVISIT_DIJKSTRA_HW_LEC_3\CTOCPP_REVISIT_DIJKSTRA_HW_LEC_3\DEBUG\LIST.OBJ
D:\USER DOCUMENTS\DOCUMENTS\VISUAL STUDIO 2012\PROJECTS\CTOCPP_REVISIT_DIJKSTRA_HW_LEC_3\CTOCPP_REVISIT_DIJKSTRA_HW_LEC_3\DEBUG\STDAFX.OBJ
D:\USER DOCUMENTS\DOCUMENTS\VISUAL STUDIO 2012\PROJECTS\CTOCPP_REVISIT_DIJKSTRA_HW_LEC_3\CTOCPP_REVISIT_DIJKSTRA_HW_LEC_3\DEBUG\VC110.PDB
D:\USER DOCUMENTS\DOCUMENTS\VISUAL STUDIO 2012\PROJECTS\CTOCPP_REVISIT_DIJKSTRA_HW_LEC_3\DEBUG\CTOCPP_REVISIT_DIJKSTRA_HW_LEC_3.ILK
D:\USER DOCUMENTS\DOCUMENTS\VISUAL STUDIO 2012\PROJECTS\CTOCPP_REVISIT_DIJKSTRA_HW_LEC_3\DEBUG\CTOCPP_REVISIT_DIJKSTRA_HW_LEC_3.EXE
D:\USER DOCUMENTS\DOCUMENTS\VISUAL STUDIO 2012\PROJECTS\CTOCPP_REVISIT_DIJKSTRA_HW_LEC_3\DEBUG\CTOCPP_REVISIT_DIJKSTRA_HW_LEC_3.PDB
D:\User documents\Documents\Visual Studio 2012\Projects\CtoCpp_revisit_dijkstra_hw_lec_3\CtoCpp_revisit_dijkstra_hw_lec_3\Debug\CtoCpp_revisit_dijkstra_hw_lec_3.obj
D:\User documents\Documents\Visual Studio 2012\Projects\CtoCpp_revisit_dijkstra_hw_lec_3\CtoCpp_revisit_dijkstra_hw_lec_3\Debug\list.obj
D:\User documents\Documents\Visual Studio 2012\Projects\CtoCpp_revisit_dijkstra_hw_lec_3\CtoCpp_revisit_dijkstra_hw_lec_3\Debug\stdafx.obj
D:\User documents\Documents\Visual Studio 2012\Projects\CtoCpp_revisit_dijkstra_hw_lec_3\CtoCpp_revisit_dijkstra_hw_lec_3\Debug\cl.command.1.tlog
D:\User documents\Documents\Visual Studio 2012\Projects\CtoCpp_revisit_dijkstra_hw_lec_3\CtoCpp_revisit_dijkstra_hw_lec_3\Debug\CL.read.1.tlog
D:\User documents\Documents\Visual Studio 2012\Projects\CtoCpp_revisit_dijkstra_hw_lec_3\CtoCpp_revisit_dijkstra_hw_lec_3\Debug\CL.write.1.tlog
D:\User documents\Documents\Visual Studio 2012\Projects\CtoCpp_revisit_dijkstra_hw_lec_3\CtoCpp_revisit_dijkstra_hw_lec_3\Debug\link-cvtres.read.1.tlog
D:\User documents\Documents\Visual Studio 2012\Projects\CtoCpp_revisit_dijkstra_hw_lec_3\CtoCpp_revisit_dijkstra_hw_lec_3\Debug\link-cvtres.write.1.tlog
D:\User documents\Documents\Visual Studio 2012\Projects\CtoCpp_revisit_dijkstra_hw_lec_3\CtoCpp_revisit_dijkstra_hw_lec_3\Debug\link-rc.read.1.tlog
D:\User documents\Documents\Visual Studio 2012\Projects\CtoCpp_revisit_dijkstra_hw_lec_3\CtoCpp_revisit_dijkstra_hw_lec_3\Debug\link-rc.write.1.tlog
D:\User documents\Documents\Visual Studio 2012\Projects\CtoCpp_revisit_dijkstra_hw_lec_3\CtoCpp_revisit_dijkstra_hw_lec_3\Debug\link.21400-cvtres.read.1.tlog
D:\User documents\Documents\Visual Studio 2012\Projects\CtoCpp_revisit_dijkstra_hw_lec_3\CtoCpp_revisit_dijkstra_hw_lec_3\Debug\link.21400-cvtres.write.1.tlog
D:\User documents\Documents\Visual Studio 2012\Projects\CtoCpp_revisit_dijkstra_hw_lec_3\CtoCpp_revisit_dijkstra_hw_lec_3\Debug\link.21400-rc.read.1.tlog
D:\User documents\Documents\Visual Studio 2012\Projects\CtoCpp_revisit_dijkstra_hw_lec_3\CtoCpp_revisit_dijkstra_hw_lec_3\Debug\link.21400-rc.write.1.tlog
D:\User documents\Documents\Visual Studio 2012\Projects\CtoCpp_revisit_dijkstra_hw_lec_3\CtoCpp_revisit_dijkstra_hw_lec_3\Debug\link.21400.read.1.tlog
D:\User documents\Documents\Visual Studio 2012\Projects\CtoCpp_revisit_dijkstra_hw_lec_3\CtoCpp_revisit_dijkstra_hw_lec_3\Debug\link.21400.write.1.tlog
D:\User documents\Documents\Visual Studio 2012\Projects\CtoCpp_revisit_dijkstra_hw_lec_3\CtoCpp_revisit_dijkstra_hw_lec_3\Debug\link.29296-cvtres.read.1.tlog
D:\User documents\Documents\Visual Studio 2012\Projects\CtoCpp_revisit_dijkstra_hw_lec_3\CtoCpp_revisit_dijkstra_hw_lec_3\Debug\link.29296-cvtres.write.1.tlog
D:\User documents\Documents\Visual Studio 2012\Projects\CtoCpp_revisit_dijkstra_hw_lec_3\CtoCpp_revisit_dijkstra_hw_lec_3\Debug\link.29296-rc.read.1.tlog
D:\User documents\Documents\Visual Studio 2012\Projects\CtoCpp_revisit_dijkstra_hw_lec_3\CtoCpp_revisit_dijkstra_hw_lec_3\Debug\link.29296-rc.write.1.tlog
D:\User documents\Documents\Visual Studio 2012\Projects\CtoCpp_revisit_dijkstra_hw_lec_3\CtoCpp_revisit_dijkstra_hw_lec_3\Debug\link.29296.read.1.tlog
D:\User documents\Documents\Visual Studio 2012\Projects\CtoCpp_revisit_dijkstra_hw_lec_3\CtoCpp_revisit_dijkstra_hw_lec_3\Debug\link.29296.write.1.tlog
D:\User documents\Documents\Visual Studio 2012\Projects\CtoCpp_revisit_dijkstra_hw_lec_3\CtoCpp_revisit_dijkstra_hw_lec_3\Debug\link.command.1.tlog
D:\User documents\Documents\Visual Studio 2012\Projects\CtoCpp_revisit_dijkstra_hw_lec_3\CtoCpp_revisit_dijkstra_hw_lec_3\Debug\link.read.1.tlog
D:\User documents\Documents\Visual Studio 2012\Projects\CtoCpp_revisit_dijkstra_hw_lec_3\CtoCpp_revisit_dijkstra_hw_lec_3\Debug\link.write.1.tlog
D:\User documents\Documents\Visual Studio 2012\Projects\CtoCpp_revisit_dijkstra_hw_lec_3\CtoCpp_revisit_dijkstra_hw_lec_3\Debug\vc110.idb
D:\User documents\Documents\Visual Studio 2012\Projects\CtoCpp_revisit_dijkstra_hw_lec_3\CtoCpp_revisit_dijkstra_hw_lec_3\Debug\vc110.pdb
D:\User documents\Documents\Visual Studio 2012\Projects\CtoCpp_revisit_dijkstra_hw_lec_3\Debug\CtoCpp_revisit_dijkstra_hw_lec_3.pdb
D:\User documents\Documents\Visual Studio 2012\Projects\CtoCpp_revisit_dijkstra_hw_lec_3\Debug\CtoCpp_revisit_dijkstra_hw_lec_3.exe
D:\User documents\Documents\Visual Studio 2012\Projects\CtoCpp_revisit_dijkstra_hw_lec_3\Debug\CtoCpp_revisit_dijkstra_hw_lec_3.ilk
